2024-06-25 11:58:35,375 - DEBUG - User Prompt is : tell me your views about politics
2024-06-25 12:12:26,049 - DEBUG - User Prompt is : kar khudi ko buland itna, k har taqdeer se pehle khud banday se poochay bta teri raza kya hai
2024-06-25 12:13:04,763 - DEBUG - User Prompt is : kar khudi ko buland itna, k har taqdeer se pehle khud banday se poochay bta teri raza kya hai
2024-06-25 12:13:13,778 - DEBUG - User Prompt is : kar khudi ko buland itna, k har taqdeer se pehle khud banday se poochay bta teri raza kya hai
2024-06-25 12:14:20,461 - DEBUG - User Prompt is : kar khudi ko buland itna, k har taqdeer se pehle khud banday se poochay bta teri raza kya hai
2024-06-25 12:56:58,423 - DEBUG - User Prompt is : hi
2024-06-25 12:57:20,249 - DEBUG - User Prompt is : by
2024-06-25 12:57:38,664 - DEBUG - User Prompt is : ik
2024-06-25 12:57:43,835 - DEBUG - User Prompt is : ih
2024-06-25 12:58:32,678 - DEBUG - User Prompt is : ask
2024-06-25 12:59:18,612 - DEBUG - User Prompt is : han bae
2024-06-25 13:01:53,129 - DEBUG - User Prompt is : hi
2024-06-25 13:02:03,388 - DEBUG - User Prompt is : hu
2024-06-25 13:02:27,835 - DEBUG - User Prompt is : hi
2024-06-25 13:02:33,768 - DEBUG - User Prompt is : drf
2024-06-25 13:03:11,666 - DEBUG - User Prompt is : hi
2024-06-25 14:45:10,955 - DEBUG - User Prompt is : hi
2024-06-25 15:01:02,571 - DEBUG - User Prompt is : hello
2024-06-25 15:03:48,752 - DEBUG - User Prompt is : hello
2024-06-25 15:04:19,566 - DEBUG - User Prompt is : hello
